0 info it worked if it ends with ok
1 verbose cli [ 'node',
1 verbose cli   '/usr/local/bin/npm',
1 verbose cli   'install',
1 verbose cli   'passport',
1 verbose cli   'passport-local',
1 verbose cli   'crypto',
1 verbose cli   'jswebtoken',
1 verbose cli   '--save' ]
2 info using npm@2.12.1
3 info using node@v0.12.2
4 verbose config Skipping project config: /Users/don/.npmrc. (matches userconfig)
5 verbose install initial load of /Users/don/package.json
6 verbose installManyTop reading scoped package data from /Users/don/node_modules/backbone.mongoose/package.json
7 verbose installManyTop reading scoped package data from /Users/don/node_modules/gulp-sass/package.json
8 verbose installManyTop reading scoped package data from /Users/don/node_modules/slick-carousel/package.json
9 info package.json backbone.mongoose@0.1.1 No license field.
10 verbose readDependencies loading dependencies from /Users/don/package.json
11 silly cache add args [ 'passport', null ]
12 verbose cache add spec passport
13 silly cache add args [ 'passport-local', null ]
14 verbose cache add spec passport-local
15 silly cache add args [ 'crypto', null ]
16 verbose cache add spec crypto
17 silly cache add args [ 'jswebtoken', null ]
18 verbose cache add spec jswebtoken
19 silly cache add parsed spec { raw: 'passport',
19 silly cache add   scope: null,
19 silly cache add   name: 'passport',
19 silly cache add   rawSpec: '',
19 silly cache add   spec: '*',
19 silly cache add   type: 'range' }
20 silly addNamed passport@*
21 verbose addNamed "*" is a valid semver range for passport
22 silly addNameRange { name: 'passport', range: '*', hasData: false }
23 silly mapToRegistry name passport
24 silly mapToRegistry using default registry
25 silly mapToRegistry registry https://registry.npmjs.org/
26 silly mapToRegistry uri https://registry.npmjs.org/passport
27 verbose addNameRange registry:https://registry.npmjs.org/passport not in flight; fetching
28 silly cache add parsed spec { raw: 'passport-local',
28 silly cache add   scope: null,
28 silly cache add   name: 'passport-local',
28 silly cache add   rawSpec: '',
28 silly cache add   spec: '*',
28 silly cache add   type: 'range' }
29 silly addNamed passport-local@*
30 verbose addNamed "*" is a valid semver range for passport-local
31 silly addNameRange { name: 'passport-local', range: '*', hasData: false }
32 silly mapToRegistry name passport-local
33 silly mapToRegistry using default registry
34 silly mapToRegistry registry https://registry.npmjs.org/
35 silly mapToRegistry uri https://registry.npmjs.org/passport-local
36 verbose addNameRange registry:https://registry.npmjs.org/passport-local not in flight; fetching
37 silly cache add parsed spec { raw: 'crypto',
37 silly cache add   scope: null,
37 silly cache add   name: 'crypto',
37 silly cache add   rawSpec: '',
37 silly cache add   spec: '*',
37 silly cache add   type: 'range' }
38 silly addNamed crypto@*
39 verbose addNamed "*" is a valid semver range for crypto
40 silly addNameRange { name: 'crypto', range: '*', hasData: false }
41 silly mapToRegistry name crypto
42 silly mapToRegistry using default registry
43 silly mapToRegistry registry https://registry.npmjs.org/
44 silly mapToRegistry uri https://registry.npmjs.org/crypto
45 verbose addNameRange registry:https://registry.npmjs.org/crypto not in flight; fetching
46 silly cache add parsed spec { raw: 'jswebtoken',
46 silly cache add   scope: null,
46 silly cache add   name: 'jswebtoken',
46 silly cache add   rawSpec: '',
46 silly cache add   spec: '*',
46 silly cache add   type: 'range' }
47 silly addNamed jswebtoken@*
48 verbose addNamed "*" is a valid semver range for jswebtoken
49 silly addNameRange { name: 'jswebtoken', range: '*', hasData: false }
50 silly mapToRegistry name jswebtoken
51 silly mapToRegistry using default registry
52 silly mapToRegistry registry https://registry.npmjs.org/
53 silly mapToRegistry uri https://registry.npmjs.org/jswebtoken
54 verbose addNameRange registry:https://registry.npmjs.org/jswebtoken not in flight; fetching
55 verbose request uri https://registry.npmjs.org/passport
56 verbose request no auth needed
57 info attempt registry request try #1 at 5:20:47 PM
58 verbose request id 7700791cef282cad
59 http request GET https://registry.npmjs.org/passport
60 verbose request uri https://registry.npmjs.org/passport-local
61 verbose request no auth needed
62 info attempt registry request try #1 at 5:20:47 PM
63 http request GET https://registry.npmjs.org/passport-local
64 verbose request uri https://registry.npmjs.org/crypto
65 verbose request no auth needed
66 info attempt registry request try #1 at 5:20:47 PM
67 http request GET https://registry.npmjs.org/crypto
68 verbose request uri https://registry.npmjs.org/jswebtoken
69 verbose request no auth needed
70 info attempt registry request try #1 at 5:20:47 PM
71 http request GET https://registry.npmjs.org/jswebtoken
72 http 200 https://registry.npmjs.org/passport-local
73 silly get cb [ 200,
73 silly get   { server: 'CouchDB/1.5.0 (Erlang OTP/R16B03)',
73 silly get     etag: '"AK2GIEQ2Z0OCPXRRZ8RIFAGJW"',
73 silly get     'content-type': 'application/json',
73 silly get     'cache-control': 'max-age=60',
73 silly get     'content-length': '13429',
73 silly get     'accept-ranges': 'bytes',
73 silly get     date: 'Thu, 27 Aug 2015 21:20:48 GMT',
73 silly get     via: '1.1 varnish',
73 silly get     age: '59',
73 silly get     connection: 'keep-alive',
73 silly get     'x-served-by': 'cache-jfk1023-JFK',
73 silly get     'x-cache': 'HIT',
73 silly get     'x-cache-hits': '2',
73 silly get     'x-timer': 'S1440710448.004149,VS0,VE0',
73 silly get     vary: 'Accept' } ]
74 verbose get saving passport-local to /Users/don/.npm/registry.npmjs.org/passport-local/.cache.json
75 http 200 https://registry.npmjs.org/passport
76 silly get cb [ 200,
76 silly get   { server: 'CouchDB/1.5.0 (Erlang OTP/R16B03)',
76 silly get     etag: '"2AOTD21DAFUJL810WLBGLXVIP"',
76 silly get     'content-type': 'application/json',
76 silly get     'cache-control': 'max-age=60',
76 silly get     'content-length': '38075',
76 silly get     'accept-ranges': 'bytes',
76 silly get     date: 'Thu, 27 Aug 2015 21:20:48 GMT',
76 silly get     via: '1.1 varnish',
76 silly get     age: '59',
76 silly get     connection: 'keep-alive',
76 silly get     'x-served-by': 'cache-jfk1025-JFK',
76 silly get     'x-cache': 'HIT',
76 silly get     'x-cache-hits': '1',
76 silly get     'x-timer': 'S1440710448.004224,VS0,VE0',
76 silly get     vary: 'Accept' } ]
77 verbose get saving passport to /Users/don/.npm/registry.npmjs.org/passport/.cache.json
78 silly addNameRange number 2 { name: 'passport', range: '*', hasData: true }
79 silly addNameRange versions [ 'passport',
79 silly addNameRange   [ '0.1.0',
79 silly addNameRange     '0.1.1',
79 silly addNameRange     '0.1.2',
79 silly addNameRange     '0.1.3',
79 silly addNameRange     '0.1.4',
79 silly addNameRange     '0.1.5',
79 silly addNameRange     '0.1.6',
79 silly addNameRange     '0.1.7',
79 silly addNameRange     '0.1.8',
79 silly addNameRange     '0.1.9',
79 silly addNameRange     '0.1.10',
79 silly addNameRange     '0.1.11',
79 silly addNameRange     '0.1.12',
79 silly addNameRange     '0.1.13',
79 silly addNameRange     '0.1.14',
79 silly addNameRange     '0.1.15',
79 silly addNameRange     '0.1.16',
79 silly addNameRange     '0.1.17',
79 silly addNameRange     '0.1.18',
79 silly addNameRange     '0.2.0',
79 silly addNameRange     '0.2.1',
79 silly addNameRange     '0.2.2',
79 silly addNameRange     '0.3.0' ] ]
80 silly addNamed passport@0.3.0
81 verbose addNamed "0.3.0" is a plain semver version for passport
82 silly addNameRange number 2 { name: 'passport-local', range: '*', hasData: true }
83 silly addNameRange versions [ 'passport-local',
83 silly addNameRange   [ '0.1.0',
83 silly addNameRange     '0.1.1',
83 silly addNameRange     '0.1.2',
83 silly addNameRange     '0.1.3',
83 silly addNameRange     '0.1.4',
83 silly addNameRange     '0.1.5',
83 silly addNameRange     '0.1.6',
83 silly addNameRange     '1.0.0' ] ]
84 silly addNamed passport-local@1.0.0
85 verbose addNamed "1.0.0" is a plain semver version for passport-local
86 silly mapToRegistry name passport
87 silly mapToRegistry using default registry
88 silly mapToRegistry registry https://registry.npmjs.org/
89 silly mapToRegistry uri https://registry.npmjs.org/passport
90 verbose addRemoteTarball https://registry.npmjs.org/passport/-/passport-0.3.0.tgz not in flight; adding
91 verbose addRemoteTarball [ 'https://registry.npmjs.org/passport/-/passport-0.3.0.tgz',
91 verbose addRemoteTarball   '14c151b0eb6795aa9335239827f548d5f94c7046' ]
92 silly mapToRegistry name passport-local
93 silly mapToRegistry using default registry
94 silly mapToRegistry registry https://registry.npmjs.org/
95 silly mapToRegistry uri https://registry.npmjs.org/passport-local
96 verbose addRemoteTarball https://registry.npmjs.org/passport-local/-/passport-local-1.0.0.tgz not in flight; adding
97 verbose addRemoteTarball [ 'https://registry.npmjs.org/passport-local/-/passport-local-1.0.0.tgz',
97 verbose addRemoteTarball   '1fe63268c92e75606626437e3b906662c15ba6ee' ]
98 info retry fetch attempt 1 at 5:20:47 PM
99 info attempt registry request try #1 at 5:20:47 PM
100 http fetch GET https://registry.npmjs.org/passport/-/passport-0.3.0.tgz
101 info retry fetch attempt 1 at 5:20:47 PM
102 info attempt registry request try #1 at 5:20:47 PM
103 http fetch GET https://registry.npmjs.org/passport-local/-/passport-local-1.0.0.tgz
104 http 404 https://registry.npmjs.org/jswebtoken
105 verbose headers { 'content-type': 'application/json',
105 verbose headers   'cache-control': 'max-age=0',
105 verbose headers   'content-length': '2',
105 verbose headers   'accept-ranges': 'bytes',
105 verbose headers   date: 'Thu, 27 Aug 2015 21:20:48 GMT',
105 verbose headers   via: '1.1 varnish',
105 verbose headers   age: '0',
105 verbose headers   connection: 'keep-alive',
105 verbose headers   'x-served-by': 'cache-jfk1032-JFK',
105 verbose headers   'x-cache': 'MISS',
105 verbose headers   'x-cache-hits': '0',
105 verbose headers   'x-timer': 'S1440710448.006199,VS0,VE85' }
106 silly get cb [ 404,
106 silly get   { 'content-type': 'application/json',
106 silly get     'cache-control': 'max-age=0',
106 silly get     'content-length': '2',
106 silly get     'accept-ranges': 'bytes',
106 silly get     date: 'Thu, 27 Aug 2015 21:20:48 GMT',
106 silly get     via: '1.1 varnish',
106 silly get     age: '0',
106 silly get     connection: 'keep-alive',
106 silly get     'x-served-by': 'cache-jfk1032-JFK',
106 silly get     'x-cache': 'MISS',
106 silly get     'x-cache-hits': '0',
106 silly get     'x-timer': 'S1440710448.006199,VS0,VE85' } ]
107 http 200 https://registry.npmjs.org/crypto
108 silly get cb [ 200,
108 silly get   { server: 'CouchDB/1.5.0 (Erlang OTP/R16B03)',
108 silly get     etag: '"SVDGLCF52B7HBTX3TFD42OAG"',
108 silly get     'content-type': 'application/json',
108 silly get     'cache-control': 'max-age=60',
108 silly get     'content-length': '3070',
108 silly get     'accept-ranges': 'bytes',
108 silly get     date: 'Thu, 27 Aug 2015 21:20:48 GMT',
108 silly get     via: '1.1 varnish',
108 silly get     age: '0',
108 silly get     connection: 'keep-alive',
108 silly get     'x-served-by': 'cache-jfk1030-JFK',
108 silly get     'x-cache': 'HIT',
108 silly get     'x-cache-hits': '1',
108 silly get     'x-timer': 'S1440710448.004306,VS0,VE91',
108 silly get     vary: 'Accept' } ]
109 verbose get saving crypto to /Users/don/.npm/registry.npmjs.org/crypto/.cache.json
110 silly addNameRange number 2 { name: 'crypto', range: '*', hasData: true }
111 silly addNameRange versions [ 'crypto', [ '0.0.1', '0.0.3' ] ]
112 silly addNamed crypto@0.0.3
113 verbose addNamed "0.0.3" is a plain semver version for crypto
114 silly mapToRegistry name crypto
115 silly mapToRegistry using default registry
116 silly mapToRegistry registry https://registry.npmjs.org/
117 silly mapToRegistry uri https://registry.npmjs.org/crypto
118 verbose addRemoteTarball https://registry.npmjs.org/crypto/-/crypto-0.0.3.tgz not in flight; adding
119 verbose addRemoteTarball [ 'https://registry.npmjs.org/crypto/-/crypto-0.0.3.tgz',
119 verbose addRemoteTarball   '470a81b86be4c5ee17acc8207a1f5315ae20dbb0' ]
120 info retry fetch attempt 1 at 5:20:47 PM
121 info attempt registry request try #1 at 5:20:47 PM
122 http fetch GET https://registry.npmjs.org/crypto/-/crypto-0.0.3.tgz
123 http fetch 200 https://registry.npmjs.org/passport-local/-/passport-local-1.0.0.tgz
124 silly fetchAndShaCheck shasum 1fe63268c92e75606626437e3b906662c15ba6ee
125 http fetch 200 https://registry.npmjs.org/passport/-/passport-0.3.0.tgz
126 verbose addTmpTarball /var/folders/9q/cz9d07g96xx8k2mkv03pcz1r0000gn/T/npm-2310-a0de3bee/registry.npmjs.org/passport-local/-/passport-local-1.0.0.tgz not in flight; adding
127 verbose addTmpTarball already have metadata; skipping unpack for passport-local@1.0.0
128 silly fetchAndShaCheck shasum 14c151b0eb6795aa9335239827f548d5f94c7046
129 verbose addTmpTarball /var/folders/9q/cz9d07g96xx8k2mkv03pcz1r0000gn/T/npm-2310-a0de3bee/registry.npmjs.org/passport/-/passport-0.3.0.tgz not in flight; adding
130 verbose addTmpTarball already have metadata; skipping unpack for passport@0.3.0
131 silly cache afterAdd passport-local@1.0.0
132 verbose afterAdd /Users/don/.npm/passport-local/1.0.0/package/package.json not in flight; writing
133 verbose afterAdd /Users/don/.npm/passport-local/1.0.0/package/package.json written
134 silly cache afterAdd passport@0.3.0
135 verbose afterAdd /Users/don/.npm/passport/0.3.0/package/package.json not in flight; writing
136 verbose afterAdd /Users/don/.npm/passport/0.3.0/package/package.json written
137 http fetch 200 https://registry.npmjs.org/crypto/-/crypto-0.0.3.tgz
138 silly fetchAndShaCheck shasum 470a81b86be4c5ee17acc8207a1f5315ae20dbb0
139 verbose addTmpTarball /var/folders/9q/cz9d07g96xx8k2mkv03pcz1r0000gn/T/npm-2310-a0de3bee/registry.npmjs.org/crypto/-/crypto-0.0.3.tgz not in flight; adding
140 verbose addTmpTarball already have metadata; skipping unpack for crypto@0.0.3
141 silly cache afterAdd crypto@0.0.3
142 verbose afterAdd /Users/don/.npm/crypto/0.0.3/package/package.json not in flight; writing
143 verbose afterAdd /Users/don/.npm/crypto/0.0.3/package/package.json written
144 verbose stack Error: Registry returned 404 for GET on https://registry.npmjs.org/jswebtoken
144 verbose stack     at CachingRegistryClient.<anonymous> (/usr/local/lib/node_modules/npm/node_modules/npm-registry-client/lib/request.js:239:14)
144 verbose stack     at Request._callback (/usr/local/lib/node_modules/npm/node_modules/npm-registry-client/lib/request.js:170:14)
144 verbose stack     at Request.self.callback (/usr/local/lib/node_modules/npm/node_modules/request/request.js:197:22)
144 verbose stack     at Request.emit (events.js:110:17)
144 verbose stack     at Request.<anonymous> (/usr/local/lib/node_modules/npm/node_modules/request/request.js:1050:14)
144 verbose stack     at Request.emit (events.js:129:20)
144 verbose stack     at IncomingMessage.<anonymous> (/usr/local/lib/node_modules/npm/node_modules/request/request.js:996:12)
144 verbose stack     at IncomingMessage.emit (events.js:129:20)
144 verbose stack     at _stream_readable.js:908:16
144 verbose stack     at process._tickCallback (node.js:355:11)
145 verbose statusCode 404
146 verbose pkgid jswebtoken
147 verbose cwd /Users/don/dev/mean-projects/VoxPopuli
148 error Darwin 14.5.0
149 error argv "node" "/usr/local/bin/npm" "install" "passport" "passport-local" "crypto" "jswebtoken" "--save"
150 error node v0.12.2
151 error npm  v2.12.1
152 error code E404
153 error 404 Registry returned 404 for GET on https://registry.npmjs.org/jswebtoken
153 error 404
153 error 404 'jswebtoken' is not in the npm registry.
153 error 404 You should bug the author to publish it (or use the name yourself!)
153 error 404
153 error 404 Note that you can also install from a
153 error 404 tarball, folder, http url, or git url.
154 verbose exit [ 1, true ]
